<?xml version="1.0" encoding="UTF-8"?>
<!-- Generated by org.testng.reporters.JUnitXMLReporter -->
<testsuite hostname="DESKTOP-FVS46NS" name="Banking Test" tests="2" failures="0" timestamp="19 May 2022 04:14:34 GMT" time="51.591" errors="0">
  <testcase name="editCustomer" time="24.599" classname="com.inetbanking.testCases.TC_editCustomerTest_004"/>
  <testcase name="deleteCustomerTest" time="12.122" classname="com.inetbanking.testCases.TC_deleteCustomerTest_005"/>
</testsuite> <!-- Banking Test -->
